::1 - - [15/Apr/2020:03:07:52 +0000] "GET / HTTP/1.1" 200 - "-" "Mozilla/5.0 (Windows NT 10.0; Win64; x64; rv:75.0) Gecko/20100101 Firefox/75.0"
::ffff:127.0.0.1 - - [15/Apr/2020:03:07:56 +0000] "GET /login HTTP/1.1" 200 - "http://localhost:3000/" "Mozilla/5.0 (Windows NT 10.0; Win64; x64; rv:75.0) Gecko/20100101 Firefox/75.0"
::ffff:127.0.0.1 - - [15/Apr/2020:03:08:04 +0000] "POST /login HTTP/1.1" 422 - "http://localhost:3000/login" "Mozilla/5.0 (Windows NT 10.0; Win64; x64; rv:75.0) Gecko/20100101 Firefox/75.0"
::ffff:127.0.0.1 - - [15/Apr/2020:03:08:06 +0000] "POST /login HTTP/1.1" 302 46 "http://localhost:3000/login" "Mozilla/5.0 (Windows NT 10.0; Win64; x64; rv:75.0) Gecko/20100101 Firefox/75.0"
::ffff:127.0.0.1 - - [15/Apr/2020:03:08:06 +0000] "GET / HTTP/1.1" 200 - "http://localhost:3000/login" "Mozilla/5.0 (Windows NT 10.0; Win64; x64; rv:75.0) Gecko/20100101 Firefox/75.0"
::ffff:127.0.0.1 - - [15/Apr/2020:03:08:09 +0000] "GET /me HTTP/1.1" 200 - "http://localhost:3000/" "Mozilla/5.0 (Windows NT 10.0; Win64; x64; rv:75.0) Gecko/20100101 Firefox/75.0"
::ffff:127.0.0.1 - - [15/Apr/2020:03:08:11 +0000] "POST /logout HTTP/1.1" 302 46 "http://localhost:3000/me" "Mozilla/5.0 (Windows NT 10.0; Win64; x64; rv:75.0) Gecko/20100101 Firefox/75.0"
::ffff:127.0.0.1 - - [15/Apr/2020:03:08:11 +0000] "GET / HTTP/1.1" 200 - "http://localhost:3000/me" "Mozilla/5.0 (Windows NT 10.0; Win64; x64; rv:75.0) Gecko/20100101 Firefox/75.0"
::1 - - [22/Apr/2020:17:21:58 +0000] "GET / HTTP/1.1" 200 - "-" "Mozilla/5.0 (Windows NT 10.0; Win64; x64; rv:75.0) Gecko/20100101 Firefox/75.0"
::ffff:127.0.0.1 - - [22/Apr/2020:17:22:04 +0000] "GET /events HTTP/1.1" 200 - "http://localhost:3000/" "Mozilla/5.0 (Windows NT 10.0; Win64; x64; rv:75.0) Gecko/20100101 Firefox/75.0"
::ffff:127.0.0.1 - - [22/Apr/2020:17:22:06 +0000] "GET /login HTTP/1.1" 200 - "http://localhost:3000/events" "Mozilla/5.0 (Windows NT 10.0; Win64; x64; rv:75.0) Gecko/20100101 Firefox/75.0"
::1 - - [22/Apr/2020:17:22:24 +0000] "POST /login HTTP/1.1" 422 - "http://localhost:3000/login" "Mozilla/5.0 (Windows NT 10.0; Win64; x64; rv:75.0) Gecko/20100101 Firefox/75.0"
::1 - - [22/Apr/2020:17:22:26 +0000] "POST /login HTTP/1.1" 302 46 "http://localhost:3000/login" "Mozilla/5.0 (Windows NT 10.0; Win64; x64; rv:75.0) Gecko/20100101 Firefox/75.0"
::1 - - [22/Apr/2020:17:22:26 +0000] "GET / HTTP/1.1" 200 - "http://localhost:3000/login" "Mozilla/5.0 (Windows NT 10.0; Win64; x64; rv:75.0) Gecko/20100101 Firefox/75.0"
::1 - - [22/Apr/2020:17:22:30 +0000] "GET /admin/alumni/add-news HTTP/1.1" 200 - "http://localhost:3000/" "Mozilla/5.0 (Windows NT 10.0; Win64; x64; rv:75.0) Gecko/20100101 Firefox/75.0"
::1 - - [22/Apr/2020:17:23:35 +0000] "POST /admin/alumni/add-news HTTP/1.1" - - "http://localhost:3000/admin/alumni/add-news" "Mozilla/5.0 (Windows NT 10.0; Win64; x64; rv:75.0) Gecko/20100101 Firefox/75.0"
::1 - - [22/Apr/2020:17:23:35 +0000] "GET /admin/alumni/add-news HTTP/1.1" 200 - "-" "Mozilla/5.0 (Windows NT 10.0; Win64; x64; rv:75.0) Gecko/20100101 Firefox/75.0"
::1 - - [22/Apr/2020:17:24:23 +0000] "GET /admin/alumni/add-news HTTP/1.1" 200 - "-" "Mozilla/5.0 (Windows NT 10.0; Win64; x64; rv:75.0) Gecko/20100101 Firefox/75.0"
::1 - - [22/Apr/2020:17:24:52 +0000] "POST /admin/alumni/add-news HTTP/1.1" - - "http://localhost:3000/admin/alumni/add-news" "Mozilla/5.0 (Windows NT 10.0; Win64; x64; rv:75.0) Gecko/20100101 Firefox/75.0"
::1 - - [22/Apr/2020:17:24:52 +0000] "GET /admin/alumni/add-news HTTP/1.1" 200 - "-" "Mozilla/5.0 (Windows NT 10.0; Win64; x64; rv:75.0) Gecko/20100101 Firefox/75.0"
::1 - - [22/Apr/2020:17:25:00 +0000] "POST /admin/alumni/add-news HTTP/1.1" 500 - "http://localhost:3000/admin/alumni/add-news" "Mozilla/5.0 (Windows NT 10.0; Win64; x64; rv:75.0) Gecko/20100101 Firefox/75.0"
::1 - - [22/Apr/2020:17:25:41 +0000] "GET /admin/alumni/add-news HTTP/1.1" 200 - "http://localhost:3000/admin/alumni/add-news" "Mozilla/5.0 (Windows NT 10.0; Win64; x64; rv:75.0) Gecko/20100101 Firefox/75.0"
::1 - - [22/Apr/2020:17:25:48 +0000] "POST /admin/alumni/add-news HTTP/1.1" 500 - "http://localhost:3000/admin/alumni/add-news" "Mozilla/5.0 (Windows NT 10.0; Win64; x64; rv:75.0) Gecko/20100101 Firefox/75.0"
::1 - - [22/Apr/2020:17:26:29 +0000] "GET /admin/alumni/add-news HTTP/1.1" 200 - "-" "Mozilla/5.0 (Windows NT 10.0; Win64; x64; rv:75.0) Gecko/20100101 Firefox/75.0"
::1 - - [22/Apr/2020:17:26:36 +0000] "POST /admin/alumni/add-news HTTP/1.1" 500 - "http://localhost:3000/admin/alumni/add-news" "Mozilla/5.0 (Windows NT 10.0; Win64; x64; rv:75.0) Gecko/20100101 Firefox/75.0"
::1 - - [22/Apr/2020:17:27:56 +0000] "GET /admin/alumni/add-news HTTP/1.1" 200 - "-" "Mozilla/5.0 (Windows NT 10.0; Win64; x64; rv:75.0) Gecko/20100101 Firefox/75.0"
::1 - - [22/Apr/2020:17:28:18 +0000] "GET /admin/alumni/add-news HTTP/1.1" 200 - "-" "Mozilla/5.0 (Windows NT 10.0; Win64; x64; rv:75.0) Gecko/20100101 Firefox/75.0"
::1 - - [22/Apr/2020:17:28:25 +0000] "POST /admin/alumni/add-news HTTP/1.1" 500 - "http://localhost:3000/admin/alumni/add-news" "Mozilla/5.0 (Windows NT 10.0; Win64; x64; rv:75.0) Gecko/20100101 Firefox/75.0"
::1 - - [22/Apr/2020:17:28:42 +0000] "GET /admin/alumni/add-news HTTP/1.1" 200 - "-" "Mozilla/5.0 (Windows NT 10.0; Win64; x64; rv:75.0) Gecko/20100101 Firefox/75.0"
::1 - - [22/Apr/2020:17:29:09 +0000] "POST /admin/alumni/add-news HTTP/1.1" 500 85 "http://localhost:3000/admin/alumni/add-news" "Mozilla/5.0 (Windows NT 10.0; Win64; x64; rv:75.0) Gecko/20100101 Firefox/75.0"
::1 - - [22/Apr/2020:17:29:21 +0000] "GET /admin/alumni/add-news HTTP/1.1" 200 - "-" "Mozilla/5.0 (Windows NT 10.0; Win64; x64; rv:75.0) Gecko/20100101 Firefox/75.0"
::1 - - [22/Apr/2020:17:29:55 +0000] "GET / HTTP/1.1" 200 - "http://localhost:3000/admin/alumni/add-news" "Mozilla/5.0 (Windows NT 10.0; Win64; x64; rv:75.0) Gecko/20100101 Firefox/75.0"
::1 - - [22/Apr/2020:17:30:11 +0000] "GET /events HTTP/1.1" 200 - "http://localhost:3000/" "Mozilla/5.0 (Windows NT 10.0; Win64; x64; rv:75.0) Gecko/20100101 Firefox/75.0"
::1 - - [22/Apr/2020:17:35:19 +0000] "GET /events HTTP/1.1" 200 - "-" "Mozilla/5.0 (Windows NT 10.0; Win64; x64; rv:75.0) Gecko/20100101 Firefox/75.0"
::1 - - [22/Apr/2020:17:35:31 +0000] "GET /events HTTP/1.1" 200 - "-" "Mozilla/5.0 (Windows NT 10.0; Win64; x64; rv:75.0) Gecko/20100101 Firefox/75.0"
::1 - - [22/Apr/2020:17:39:01 +0000] "GET /events HTTP/1.1" 200 - "-" "Mozilla/5.0 (Windows NT 10.0; Win64; x64; rv:75.0) Gecko/20100101 Firefox/75.0"
::ffff:127.0.0.1 - - [22/Apr/2020:17:39:39 +0000] "GET /events HTTP/1.1" 200 - "-" "Mozilla/5.0 (Windows NT 10.0; Win64; x64; rv:75.0) Gecko/20100101 Firefox/75.0"
::1 - - [22/Apr/2020:19:50:36 +0000] "POST /logout HTTP/1.1" 302 46 "http://localhost:3000/events" "Mozilla/5.0 (Windows NT 10.0; Win64; x64; rv:75.0) Gecko/20100101 Firefox/75.0"
::1 - - [22/Apr/2020:19:50:36 +0000] "GET / HTTP/1.1" 200 - "http://localhost:3000/events" "Mozilla/5.0 (Windows NT 10.0; Win64; x64; rv:75.0) Gecko/20100101 Firefox/75.0"
::1 - - [22/Apr/2020:19:50:37 +0000] "GET /signup HTTP/1.1" 200 - "http://localhost:3000/" "Mozilla/5.0 (Windows NT 10.0; Win64; x64; rv:75.0) Gecko/20100101 Firefox/75.0"
::1 - - [22/Apr/2020:19:52:16 +0000] "POST /signup HTTP/1.1" 422 - "http://localhost:3000/signup" "Mozilla/5.0 (Windows NT 10.0; Win64; x64; rv:75.0) Gecko/20100101 Firefox/75.0"
::1 - - [22/Apr/2020:19:52:28 +0000] "POST /signup HTTP/1.1" 302 56 "http://localhost:3000/signup" "Mozilla/5.0 (Windows NT 10.0; Win64; x64; rv:75.0) Gecko/20100101 Firefox/75.0"
::1 - - [22/Apr/2020:19:52:28 +0000] "GET /login HTTP/1.1" 200 - "http://localhost:3000/signup" "Mozilla/5.0 (Windows NT 10.0; Win64; x64; rv:75.0) Gecko/20100101 Firefox/75.0"
::1 - - [22/Apr/2020:19:53:14 +0000] "POST /login HTTP/1.1" 302 46 "http://localhost:3000/login" "Mozilla/5.0 (Windows NT 10.0; Win64; x64; rv:75.0) Gecko/20100101 Firefox/75.0"
::1 - - [22/Apr/2020:19:53:14 +0000] "GET / HTTP/1.1" 200 - "http://localhost:3000/login" "Mozilla/5.0 (Windows NT 10.0; Win64; x64; rv:75.0) Gecko/20100101 Firefox/75.0"
::1 - - [22/Apr/2020:19:53:17 +0000] "GET /me HTTP/1.1" 200 - "http://localhost:3000/" "Mozilla/5.0 (Windows NT 10.0; Win64; x64; rv:75.0) Gecko/20100101 Firefox/75.0"
::1 - - [22/Apr/2020:19:53:19 +0000] "GET /messages HTTP/1.1" 200 - "http://localhost:3000/me" "Mozilla/5.0 (Windows NT 10.0; Win64; x64; rv:75.0) Gecko/20100101 Firefox/75.0"
::1 - - [22/Apr/2020:19:53:20 +0000] "GET /update-info HTTP/1.1" 200 - "http://localhost:3000/messages" "Mozilla/5.0 (Windows NT 10.0; Win64; x64; rv:75.0) Gecko/20100101 Firefox/75.0"
::1 - - [22/Apr/2020:19:53:24 +0000] "GET /reports HTTP/1.1" 200 - "http://localhost:3000/update-info" "Mozilla/5.0 (Windows NT 10.0; Win64; x64; rv:75.0) Gecko/20100101 Firefox/75.0"
::1 - - [22/Apr/2020:19:53:26 +0000] "GET /events HTTP/1.1" 200 - "http://localhost:3000/reports" "Mozilla/5.0 (Windows NT 10.0; Win64; x64; rv:75.0) Gecko/20100101 Firefox/75.0"
::1 - - [22/Apr/2020:19:53:27 +0000] "GET /requested-events HTTP/1.1" 200 - "http://localhost:3000/events" "Mozilla/5.0 (Windows NT 10.0; Win64; x64; rv:75.0) Gecko/20100101 Firefox/75.0"
::1 - - [22/Apr/2020:19:53:27 +0000] "GET /css/alumni/requested-events.css HTTP/1.1" 404 - "http://localhost:3000/requested-events" "Mozilla/5.0 (Windows NT 10.0; Win64; x64; rv:75.0) Gecko/20100101 Firefox/75.0"
::1 - - [22/Apr/2020:19:53:29 +0000] "GET /request-event HTTP/1.1" 200 - "http://localhost:3000/requested-events" "Mozilla/5.0 (Windows NT 10.0; Win64; x64; rv:75.0) Gecko/20100101 Firefox/75.0"
::1 - - [22/Apr/2020:19:53:29 +0000] "GET /css/alumni/request-event.css HTTP/1.1" 404 - "http://localhost:3000/request-event" "Mozilla/5.0 (Windows NT 10.0; Win64; x64; rv:75.0) Gecko/20100101 Firefox/75.0"
::1 - - [22/Apr/2020:19:53:29 +0000] "GET /css/forms.css HTTP/1.1" 404 - "http://localhost:3000/request-event" "Mozilla/5.0 (Windows NT 10.0; Win64; x64; rv:75.0) Gecko/20100101 Firefox/75.0"
::1 - - [22/Apr/2020:19:53:29 +0000] "GET /css/alumni/request-event.css HTTP/1.1" 404 - "http://localhost:3000/request-event" "Mozilla/5.0 (Windows NT 10.0; Win64; x64; rv:75.0) Gecko/20100101 Firefox/75.0"
::1 - - [22/Apr/2020:19:53:30 +0000] "GET /connect HTTP/1.1" 200 - "http://localhost:3000/request-event" "Mozilla/5.0 (Windows NT 10.0; Win64; x64; rv:75.0) Gecko/20100101 Firefox/75.0"
::1 - - [22/Apr/2020:19:53:36 +0000] "GET /getConnections?name=Miguel%20Augusto&classYear=&major= HTTP/1.1" 200 138 "http://localhost:3000/connect" "Mozilla/5.0 (Windows NT 10.0; Win64; x64; rv:75.0) Gecko/20100101 Firefox/75.0"
::1 - - [22/Apr/2020:19:53:42 +0000] "PUT /sendConnection HTTP/1.1" 200 7 "http://localhost:3000/connect" "Mozilla/5.0 (Windows NT 10.0; Win64; x64; rv:75.0) Gecko/20100101 Firefox/75.0"
::1 - - [22/Apr/2020:19:53:46 +0000] "POST /logout HTTP/1.1" 302 46 "http://localhost:3000/connect" "Mozilla/5.0 (Windows NT 10.0; Win64; x64; rv:75.0) Gecko/20100101 Firefox/75.0"
::1 - - [22/Apr/2020:19:53:46 +0000] "GET / HTTP/1.1" 200 - "http://localhost:3000/connect" "Mozilla/5.0 (Windows NT 10.0; Win64; x64; rv:75.0) Gecko/20100101 Firefox/75.0"
::1 - - [22/Apr/2020:19:53:48 +0000] "GET /login HTTP/1.1" 200 - "http://localhost:3000/" "Mozilla/5.0 (Windows NT 10.0; Win64; x64; rv:75.0) Gecko/20100101 Firefox/75.0"
::1 - - [22/Apr/2020:19:53:55 +0000] "POST /login HTTP/1.1" 422 - "http://localhost:3000/login" "Mozilla/5.0 (Windows NT 10.0; Win64; x64; rv:75.0) Gecko/20100101 Firefox/75.0"
::1 - - [22/Apr/2020:19:53:58 +0000] "POST /login HTTP/1.1" 302 46 "http://localhost:3000/login" "Mozilla/5.0 (Windows NT 10.0; Win64; x64; rv:75.0) Gecko/20100101 Firefox/75.0"
::1 - - [22/Apr/2020:19:53:58 +0000] "GET / HTTP/1.1" 200 - "http://localhost:3000/login" "Mozilla/5.0 (Windows NT 10.0; Win64; x64; rv:75.0) Gecko/20100101 Firefox/75.0"
::1 - - [22/Apr/2020:19:54:02 +0000] "GET /me HTTP/1.1" 200 - "http://localhost:3000/" "Mozilla/5.0 (Windows NT 10.0; Win64; x64; rv:75.0) Gecko/20100101 Firefox/75.0"
::1 - - [22/Apr/2020:19:54:06 +0000] "PATCH /manageConnectionRequest?connectionToParse=5ea0a07cf592ab7f040652e1&type=REJECT HTTP/1.1" 200 7 "http://localhost:3000/me" "Mozilla/5.0 (Windows NT 10.0; Win64; x64; rv:75.0) Gecko/20100101 Firefox/75.0"
::1 - - [22/Apr/2020:19:54:09 +0000] "POST /logout HTTP/1.1" 302 46 "http://localhost:3000/me" "Mozilla/5.0 (Windows NT 10.0; Win64; x64; rv:75.0) Gecko/20100101 Firefox/75.0"
::1 - - [22/Apr/2020:19:54:09 +0000] "GET / HTTP/1.1" 200 - "http://localhost:3000/me" "Mozilla/5.0 (Windows NT 10.0; Win64; x64; rv:75.0) Gecko/20100101 Firefox/75.0"
::1 - - [22/Apr/2020:19:54:10 +0000] "GET /login HTTP/1.1" 200 - "http://localhost:3000/" "Mozilla/5.0 (Windows NT 10.0; Win64; x64; rv:75.0) Gecko/20100101 Firefox/75.0"
::1 - - [22/Apr/2020:19:54:16 +0000] "POST /login HTTP/1.1" 422 - "http://localhost:3000/login" "Mozilla/5.0 (Windows NT 10.0; Win64; x64; rv:75.0) Gecko/20100101 Firefox/75.0"
::1 - - [22/Apr/2020:19:54:18 +0000] "POST /login HTTP/1.1" 302 46 "http://localhost:3000/login" "Mozilla/5.0 (Windows NT 10.0; Win64; x64; rv:75.0) Gecko/20100101 Firefox/75.0"
::1 - - [22/Apr/2020:19:54:18 +0000] "GET / HTTP/1.1" 200 - "http://localhost:3000/login" "Mozilla/5.0 (Windows NT 10.0; Win64; x64; rv:75.0) Gecko/20100101 Firefox/75.0"
::1 - - [22/Apr/2020:19:54:21 +0000] "GET /messages HTTP/1.1" 200 - "http://localhost:3000/" "Mozilla/5.0 (Windows NT 10.0; Win64; x64; rv:75.0) Gecko/20100101 Firefox/75.0"
::1 - - [22/Apr/2020:19:54:24 +0000] "POST /logout HTTP/1.1" 302 46 "http://localhost:3000/messages" "Mozilla/5.0 (Windows NT 10.0; Win64; x64; rv:75.0) Gecko/20100101 Firefox/75.0"
::1 - - [22/Apr/2020:19:54:24 +0000] "GET / HTTP/1.1" 200 - "http://localhost:3000/messages" "Mozilla/5.0 (Windows NT 10.0; Win64; x64; rv:75.0) Gecko/20100101 Firefox/75.0"
::1 - - [22/Apr/2020:19:54:26 +0000] "GET /login HTTP/1.1" 200 - "http://localhost:3000/" "Mozilla/5.0 (Windows NT 10.0; Win64; x64; rv:75.0) Gecko/20100101 Firefox/75.0"
::1 - - [22/Apr/2020:19:54:32 +0000] "POST /login HTTP/1.1" 302 46 "http://localhost:3000/login" "Mozilla/5.0 (Windows NT 10.0; Win64; x64; rv:75.0) Gecko/20100101 Firefox/75.0"
::1 - - [22/Apr/2020:19:54:32 +0000] "GET / HTTP/1.1" 200 - "http://localhost:3000/login" "Mozilla/5.0 (Windows NT 10.0; Win64; x64; rv:75.0) Gecko/20100101 Firefox/75.0"
::1 - - [22/Apr/2020:19:54:34 +0000] "GET /messages HTTP/1.1" 200 - "http://localhost:3000/" "Mozilla/5.0 (Windows NT 10.0; Win64; x64; rv:75.0) Gecko/20100101 Firefox/75.0"
::1 - - [22/Apr/2020:19:54:35 +0000] "GET /messages HTTP/1.1" 200 - "http://localhost:3000/messages" "Mozilla/5.0 (Windows NT 10.0; Win64; x64; rv:75.0) Gecko/20100101 Firefox/75.0"
::1 - - [22/Apr/2020:19:54:37 +0000] "GET /connect HTTP/1.1" 200 - "http://localhost:3000/messages" "Mozilla/5.0 (Windows NT 10.0; Win64; x64; rv:75.0) Gecko/20100101 Firefox/75.0"
::1 - - [22/Apr/2020:19:54:41 +0000] "GET /getConnections?name=Miguel%20Augusto&classYear=&major= HTTP/1.1" 304 - "http://localhost:3000/connect" "Mozilla/5.0 (Windows NT 10.0; Win64; x64; rv:75.0) Gecko/20100101 Firefox/75.0"
::1 - - [22/Apr/2020:19:54:46 +0000] "PUT /sendConnection HTTP/1.1" 200 7 "http://localhost:3000/connect" "Mozilla/5.0 (Windows NT 10.0; Win64; x64; rv:75.0) Gecko/20100101 Firefox/75.0"
::1 - - [22/Apr/2020:19:54:49 +0000] "POST /logout HTTP/1.1" 302 46 "http://localhost:3000/connect" "Mozilla/5.0 (Windows NT 10.0; Win64; x64; rv:75.0) Gecko/20100101 Firefox/75.0"
::1 - - [22/Apr/2020:19:54:49 +0000] "GET / HTTP/1.1" 200 - "http://localhost:3000/connect" "Mozilla/5.0 (Windows NT 10.0; Win64; x64; rv:75.0) Gecko/20100101 Firefox/75.0"
::1 - - [22/Apr/2020:19:54:51 +0000] "GET /login HTTP/1.1" 200 - "http://localhost:3000/" "Mozilla/5.0 (Windows NT 10.0; Win64; x64; rv:75.0) Gecko/20100101 Firefox/75.0"
::1 - - [22/Apr/2020:19:54:58 +0000] "POST /login HTTP/1.1" 302 46 "http://localhost:3000/login" "Mozilla/5.0 (Windows NT 10.0; Win64; x64; rv:75.0) Gecko/20100101 Firefox/75.0"
::1 - - [22/Apr/2020:19:54:58 +0000] "GET / HTTP/1.1" 200 - "http://localhost:3000/login" "Mozilla/5.0 (Windows NT 10.0; Win64; x64; rv:75.0) Gecko/20100101 Firefox/75.0"
::1 - - [22/Apr/2020:19:55:00 +0000] "GET /me HTTP/1.1" 200 - "http://localhost:3000/" "Mozilla/5.0 (Windows NT 10.0; Win64; x64; rv:75.0) Gecko/20100101 Firefox/75.0"
::1 - - [22/Apr/2020:19:55:01 +0000] "GET /messages HTTP/1.1" 200 - "http://localhost:3000/me" "Mozilla/5.0 (Windows NT 10.0; Win64; x64; rv:75.0) Gecko/20100101 Firefox/75.0"
::1 - - [22/Apr/2020:19:55:03 +0000] "GET /me HTTP/1.1" 200 - "http://localhost:3000/messages" "Mozilla/5.0 (Windows NT 10.0; Win64; x64; rv:75.0) Gecko/20100101 Firefox/75.0"
::1 - - [22/Apr/2020:19:55:06 +0000] "PATCH /manageConnectionRequest?connectionToParse=5ea0a07cf592ab7f040652e1&type=REJECT HTTP/1.1" 200 7 "http://localhost:3000/me" "Mozilla/5.0 (Windows NT 10.0; Win64; x64; rv:75.0) Gecko/20100101 Firefox/75.0"
::1 - - [22/Apr/2020:19:55:08 +0000] "POST /logout HTTP/1.1" 302 46 "http://localhost:3000/me" "Mozilla/5.0 (Windows NT 10.0; Win64; x64; rv:75.0) Gecko/20100101 Firefox/75.0"
::1 - - [22/Apr/2020:19:55:09 +0000] "GET / HTTP/1.1" 200 - "http://localhost:3000/me" "Mozilla/5.0 (Windows NT 10.0; Win64; x64; rv:75.0) Gecko/20100101 Firefox/75.0"
::1 - - [22/Apr/2020:21:51:37 +0000] "GET /events HTTP/1.1" 200 - "http://localhost:3000/" "Mozilla/5.0 (Windows NT 10.0; Win64; x64; rv:75.0) Gecko/20100101 Firefox/75.0"
::1 - - [22/Apr/2020:21:55:25 +0000] "GET /events HTTP/1.1" 200 - "http://localhost:3000/" "Mozilla/5.0 (Windows NT 10.0; Win64; x64; rv:75.0) Gecko/20100101 Firefox/75.0"
::1 - - [22/Apr/2020:21:57:04 +0000] "GET /login HTTP/1.1" 200 - "http://localhost:3000/events" "Mozilla/5.0 (Windows NT 10.0; Win64; x64; rv:75.0) Gecko/20100101 Firefox/75.0"
::1 - - [22/Apr/2020:21:57:05 +0000] "GET /reset HTTP/1.1" 200 - "http://localhost:3000/login" "Mozilla/5.0 (Windows NT 10.0; Win64; x64; rv:75.0) Gecko/20100101 Firefox/75.0"
::1 - - [22/Apr/2020:21:57:05 +0000] "GET /css/forms.css HTTP/1.1" 404 - "http://localhost:3000/reset" "Mozilla/5.0 (Windows NT 10.0; Win64; x64; rv:75.0) Gecko/20100101 Firefox/75.0"
::1 - - [22/Apr/2020:21:57:05 +0000] "GET /css/auth.css HTTP/1.1" 404 - "http://localhost:3000/reset" "Mozilla/5.0 (Windows NT 10.0; Win64; x64; rv:75.0) Gecko/20100101 Firefox/75.0"
::1 - - [22/Apr/2020:21:57:05 +0000] "GET /css/forms.css HTTP/1.1" 404 - "http://localhost:3000/reset" "Mozilla/5.0 (Windows NT 10.0; Win64; x64; rv:75.0) Gecko/20100101 Firefox/75.0"
::1 - - [22/Apr/2020:21:57:05 +0000] "GET /css/auth.css HTTP/1.1" 404 - "http://localhost:3000/reset" "Mozilla/5.0 (Windows NT 10.0; Win64; x64; rv:75.0) Gecko/20100101 Firefox/75.0"
::1 - - [22/Apr/2020:21:58:18 +0000] "GET /signup HTTP/1.1" 200 - "http://localhost:3000/reset" "Mozilla/5.0 (Windows NT 10.0; Win64; x64; rv:75.0) Gecko/20100101 Firefox/75.0"
